DEPRECATED: The legacy builder is deprecated and will be removed in a future release.
            Install the buildx component to build images with BuildKit:
            https://docs.docker.com/go/buildx/

Sending build context to Docker daemon  4.096kB
Step 1/8 : FROM postgres:latest
 ---> eb634efa7ee4
Step 2/8 : WORKDIR /app
 ---> Using cache
 ---> 096f0adb4454
Step 3/8 : COPY .env ./
 ---> Using cache
 ---> 6e66f0155b3f
Step 4/8 : COPY init.sql /docker-entrypoint-initdb.d/
 ---> Using cache
 ---> 7b9c2963c085
Step 5/8 : ENV DB_NAME=${DB_NAME}
 ---> Using cache
 ---> 1a56ccfb011e
Step 6/8 : ENV DB_USER=${DB_USER}
 ---> Using cache
 ---> 5c0235b411de
Step 7/8 : ENV DB_PASSWORD=${DB_PASSWORD}
 ---> Using cache
 ---> 9c0341d048ee
Step 8/8 : EXPOSE 5432
 ---> Using cache
 ---> 4bc30545b793
Successfully built 4bc30545b793
Successfully tagged database_image:latest
DEPRECATED: The legacy builder is deprecated and will be removed in a future release.
            Install the buildx component to build images with BuildKit:
            https://docs.docker.com/go/buildx/

Sending build context to Docker daemon  110.4MB
Step 1/13 : FROM node:latest AS builder
 ---> 1b9d5f3b36bf
Step 2/13 : WORKDIR /app
 ---> Using cache
 ---> 4c28f98fafe9
Step 3/13 : COPY package.json yarn.lock ./
 ---> Using cache
 ---> 3c0573105103
Step 4/13 : RUN npm install
 ---> Using cache
 ---> 141e34b8eca5
Step 5/13 : COPY . .
 ---> Using cache
 ---> d396d40bd1bc
Step 6/13 : RUN npm run build
 ---> Using cache
 ---> b2e7be8dec3d
Step 7/13 : FROM node:latest
 ---> 1b9d5f3b36bf
Step 8/13 : WORKDIR /app
 ---> Using cache
 ---> 4c28f98fafe9
Step 9/13 : COPY --from=builder /app .
 ---> Using cache
 ---> c24e46abf391
Step 10/13 : COPY .env ./
 ---> Using cache
 ---> fbabaa77f317
Step 11/13 : EXPOSE 3000
 ---> Using cache
 ---> fc6dd65cc864
Step 12/13 : RUN npm install -g knex  # Install Knex globally if not already installed
 ---> Using cache
 ---> a48b3af4c384
Step 13/13 : CMD sh -c 'npm run migrate && npm start'
 ---> Using cache
 ---> 611b8b5ba1bc
Successfully built 611b8b5ba1bc
Successfully tagged backend_imagee:latest
DEPRECATED: The legacy builder is deprecated and will be removed in a future release.
            Install the buildx component to build images with BuildKit:
            https://docs.docker.com/go/buildx/

Sending build context to Docker daemon  98.44MB
Step 1/7 : FROM node:latest
 ---> 1b9d5f3b36bf
Step 2/7 : WORKDIR /app
 ---> Using cache
 ---> 4c28f98fafe9
Step 3/7 : COPY package*.json yarn.lock ./
 ---> Using cache
 ---> d928cc8c0315
Step 4/7 : RUN yarn
 ---> Using cache
 ---> 1029562876df
Step 5/7 : COPY . .
 ---> Using cache
 ---> 7378a3e8775f
Step 6/7 : EXPOSE 5173
 ---> Using cache
 ---> 89c1b879993b
Step 7/7 : CMD ["yarn","dev", "--host", "0.0.0.0"]
 ---> Using cache
 ---> d5b94722859f
Successfully built d5b94722859f
Successfully tagged frontend_image:latest
697ec7a810a57a81c7cccee614a2f0cf895eadffa337a94f1b28f5b62e8dbe21
cce4ef5ccde63d377d49059ae95c992258a46954f9364003eb194d69968114fb
95038752c1b9f2771a63999bb0ce1d496b47f1edb3b3b827158d5ac8aa74261b
cd22707f346dcaacb6c80d9f69c35054af55a8ec16ad27d3af5dd7e79d6577fb
DEPRECATED: The legacy builder is deprecated and will be removed in a future release.
            Install the buildx component to build images with BuildKit:
            https://docs.docker.com/go/buildx/

Sending build context to Docker daemon  4.096kB
Step 1/8 : FROM postgres:latest
 ---> eb634efa7ee4
Step 2/8 : WORKDIR /app
 ---> Using cache
 ---> 096f0adb4454
Step 3/8 : COPY .env ./
 ---> Using cache
 ---> 6e66f0155b3f
Step 4/8 : COPY init.sql /docker-entrypoint-initdb.d/
 ---> Using cache
 ---> 7b9c2963c085
Step 5/8 : ENV DB_NAME=${DB_NAME}
 ---> Using cache
 ---> 1a56ccfb011e
Step 6/8 : ENV DB_USER=${DB_USER}
 ---> Using cache
 ---> 5c0235b411de
Step 7/8 : ENV DB_PASSWORD=${DB_PASSWORD}
 ---> Using cache
 ---> 9c0341d048ee
Step 8/8 : EXPOSE 5432
 ---> Using cache
 ---> 4bc30545b793
Successfully built 4bc30545b793
Successfully tagged database_image:latest
DEPRECATED: The legacy builder is deprecated and will be removed in a future release.
            Install the buildx component to build images with BuildKit:
            https://docs.docker.com/go/buildx/

Sending build context to Docker daemon  110.4MB
Step 1/13 : FROM node:latest AS builder
 ---> 1b9d5f3b36bf
Step 2/13 : WORKDIR /app
 ---> Using cache
 ---> 4c28f98fafe9
Step 3/13 : COPY package.json yarn.lock ./
 ---> Using cache
 ---> 3c0573105103
Step 4/13 : RUN npm install
 ---> Using cache
 ---> 141e34b8eca5
Step 5/13 : COPY . .
 ---> Using cache
 ---> d396d40bd1bc
Step 6/13 : RUN npm run build
 ---> Using cache
 ---> b2e7be8dec3d
Step 7/13 : FROM node:latest
 ---> 1b9d5f3b36bf
Step 8/13 : WORKDIR /app
 ---> Using cache
 ---> 4c28f98fafe9
Step 9/13 : COPY --from=builder /app .
 ---> Using cache
 ---> c24e46abf391
Step 10/13 : COPY .env ./
 ---> Using cache
 ---> fbabaa77f317
Step 11/13 : EXPOSE 3000
 ---> Using cache
 ---> fc6dd65cc864
Step 12/13 : RUN npm install -g knex  # Install Knex globally if not already installed
 ---> Using cache
 ---> a48b3af4c384
Step 13/13 : CMD sh -c 'npm run migrate && npm start'
 ---> Using cache
 ---> 611b8b5ba1bc
Successfully built 611b8b5ba1bc
Successfully tagged backend_imagee:latest
DEPRECATED: The legacy builder is deprecated and will be removed in a future release.
            Install the buildx component to build images with BuildKit:
            https://docs.docker.com/go/buildx/

Sending build context to Docker daemon  98.44MB
Step 1/7 : FROM node:latest
 ---> 1b9d5f3b36bf
Step 2/7 : WORKDIR /app
 ---> Using cache
 ---> 4c28f98fafe9
Step 3/7 : COPY package*.json yarn.lock ./
 ---> Using cache
 ---> d928cc8c0315
Step 4/7 : RUN yarn
 ---> Using cache
 ---> 1029562876df
Step 5/7 : COPY . .
 ---> Using cache
 ---> 7378a3e8775f
Step 6/7 : EXPOSE 5173
 ---> Using cache
 ---> 89c1b879993b
Step 7/7 : CMD ["yarn","dev", "--host", "0.0.0.0"]
 ---> Using cache
 ---> d5b94722859f
Successfully built d5b94722859f
Successfully tagged frontend_image:latest
13996db76eb4481579bdda70353d31b01474944c66856f538e2acea8a9e32500
database_volume
backend_volume
frontend_volume
7955435dcda3f7ab8c557f31395be34413116bd2636a4af3f91e73367346218d
a0856c5f86bc9660cf434e011822be38ccb7796a9d5151f1b344cccdda17b3bd
6955eb9db0eb01e9f209a0d055f23d5d0d37ea8409888402423141e32285127a
DEPRECATED: The legacy builder is deprecated and will be removed in a future release.
            Install the buildx component to build images with BuildKit:
            https://docs.docker.com/go/buildx/

Sending build context to Docker daemon  4.096kB
Step 1/8 : FROM postgres:latest
 ---> eb634efa7ee4
Step 2/8 : WORKDIR /app
 ---> Running in 64219856019a
Removing intermediate container 64219856019a
 ---> e8945e489039
Step 3/8 : COPY .env ./
 ---> 93687bcc31ae
Step 4/8 : COPY init.sql /docker-entrypoint-initdb.d/
 ---> c01102549d9c
Step 5/8 : ENV DB_NAME=${DB_NAME}
 ---> Running in 27f4d216bb58
Removing intermediate container 27f4d216bb58
 ---> 92f05f772f54
Step 6/8 : ENV DB_USER=${DB_USER}
 ---> Running in 3e20b84397ab
Removing intermediate container 3e20b84397ab
 ---> 3212cc69c050
Step 7/8 : ENV DB_PASSWORD=${DB_PASSWORD}
 ---> Running in 148379b17cdc
Removing intermediate container 148379b17cdc
 ---> 9e5783bf8352
Step 8/8 : EXPOSE 5432
 ---> Running in f100b3f51d30
Removing intermediate container f100b3f51d30
 ---> d7400defe517
Successfully built d7400defe517
Successfully tagged database_image:latest
DEPRECATED: The legacy builder is deprecated and will be removed in a future release.
            Install the buildx component to build images with BuildKit:
            https://docs.docker.com/go/buildx/

Sending build context to Docker daemon  110.4MB
Step 1/13 : FROM node:latest AS builder
 ---> 1b9d5f3b36bf
Step 2/13 : WORKDIR /app
 ---> Using cache
 ---> 4c28f98fafe9
Step 3/13 : COPY package.json yarn.lock ./
 ---> Using cache
 ---> 3c0573105103
Step 4/13 : RUN npm install
 ---> Using cache
 ---> 141e34b8eca5
Step 5/13 : COPY . .
 ---> Using cache
 ---> d396d40bd1bc
Step 6/13 : RUN npm run build
 ---> Using cache
 ---> b2e7be8dec3d
Step 7/13 : FROM node:latest
 ---> 1b9d5f3b36bf
Step 8/13 : WORKDIR /app
 ---> Using cache
 ---> 4c28f98fafe9
Step 9/13 : COPY --from=builder /app .
 ---> 04332c2727dc
Step 10/13 : COPY .env ./
 ---> 2be3c72e87d9
Step 11/13 : EXPOSE 3000
 ---> Running in a26a10b5e6e7
Removing intermediate container a26a10b5e6e7
 ---> 95db9351eb6c
Step 12/13 : RUN npm install -g knex  # Install Knex globally if not already installed
 ---> Running in 175fd1f4459e

added 22 packages in 6s

4 packages are looking for funding
  run `npm fund` for details
[91mnpm notice 
npm notice[0m[91m New minor version of npm available! 10.2.4 -> 10.4.0
npm notice Changelog: <https://github.com/npm/cli/releases/tag/v10.4.0>
npm notice[0m[91m Run `npm install -g npm@10.4.0` to update!
npm [0m[91mnotice[0m[91m 
[0mRemoving intermediate container 175fd1f4459e
 ---> 9c5da2482a2f
Step 13/13 : CMD sh -c 'npm run migrate && npm start'
 ---> Running in 537dc63a393c
Removing intermediate container 537dc63a393c
 ---> 798d634e1a43
Successfully built 798d634e1a43
Successfully tagged backend_imagee:latest
DEPRECATED: The legacy builder is deprecated and will be removed in a future release.
            Install the buildx component to build images with BuildKit:
            https://docs.docker.com/go/buildx/

Sending build context to Docker daemon  98.44MB
Step 1/7 : FROM node:latest
 ---> 1b9d5f3b36bf
Step 2/7 : WORKDIR /app
 ---> Using cache
 ---> 4c28f98fafe9
Step 3/7 : COPY package*.json yarn.lock ./
 ---> d922787705ef
Step 4/7 : RUN yarn
 ---> Running in ed95ccf4f265
yarn install v1.22.19
[91mwarning package-lock.json found. Your project contains lock files generated by tools other than Yarn. It is advised not to mix package managers in order to avoid resolution inconsistencies caused by unsynchronized lock files. To clear this warning, remove package-lock.json.
[0m[1/4] Resolving packages...
[91m(node:7) [DEP0040] DeprecationWarning: The `punycode` module is deprecated. Please use a userland alternative instead.
(Use `node --trace-deprecation ...` to show where the warning was created)
[0m[2/4] Fetching packages...
[3/4] Linking dependencies...
[4/4] Building fresh packages...
success Saved lockfile.
Done in 21.73s.
Removing intermediate container ed95ccf4f265
 ---> 95fb992ebbcc
Step 5/7 : COPY . .
 ---> 2c46edede01f
Step 6/7 : EXPOSE 5173
 ---> Running in f3df972d4186
Removing intermediate container f3df972d4186
 ---> 529f4e8d15c3
Step 7/7 : CMD ["yarn","dev", "--host", "0.0.0.0"]
 ---> Running in 528bd6486281
Removing intermediate container 528bd6486281
 ---> 3c475821a056
Successfully built 3c475821a056
Successfully tagged frontend_image:latest
37c58c1dc2aeb73635c2751a710d8d9d655122fbf99b0b1b8e1a48498bc9246f
database_volume
backend_volume
frontend_volume
48025b3c06db5c45d4cb1f7c718a971cbe7341e7e46765854cffe7bbb6461b5e
df957d49861dcf50164f3c9a8c846568d1e1277817f3684c1682ee84353627dc
6e9675c221b56c21f00e83bb510f55cefe743bc62b6cb5a6fd5a2af2f752848a
DEPRECATED: The legacy builder is deprecated and will be removed in a future release.
            Install the buildx component to build images with BuildKit:
            https://docs.docker.com/go/buildx/

Sending build context to Docker daemon  4.096kB
Step 1/8 : FROM postgres:latest
 ---> eb634efa7ee4
Step 2/8 : WORKDIR /app
 ---> Using cache
 ---> e8945e489039
Step 3/8 : COPY .env ./
 ---> Using cache
 ---> 93687bcc31ae
Step 4/8 : COPY init.sql /docker-entrypoint-initdb.d/
 ---> Using cache
 ---> c01102549d9c
Step 5/8 : ENV DB_NAME=${DB_NAME}
 ---> Using cache
 ---> 92f05f772f54
Step 6/8 : ENV DB_USER=${DB_USER}
 ---> Using cache
 ---> 3212cc69c050
Step 7/8 : ENV DB_PASSWORD=${DB_PASSWORD}
 ---> Using cache
 ---> 9e5783bf8352
Step 8/8 : EXPOSE 5432
 ---> Using cache
 ---> d7400defe517
Successfully built d7400defe517
Successfully tagged database_image:latest
DEPRECATED: The legacy builder is deprecated and will be removed in a future release.
            Install the buildx component to build images with BuildKit:
            https://docs.docker.com/go/buildx/

Sending build context to Docker daemon  110.4MB
Step 1/13 : FROM node:latest AS builder
 ---> 1b9d5f3b36bf
Step 2/13 : WORKDIR /app
 ---> Using cache
 ---> 4c28f98fafe9
Step 3/13 : COPY package.json yarn.lock ./
 ---> Using cache
 ---> 3c0573105103
Step 4/13 : RUN npm install
 ---> Using cache
 ---> 141e34b8eca5
Step 5/13 : COPY . .
DEPRECATED: The legacy builder is deprecated and will be removed in a future release.
            Install the buildx component to build images with BuildKit:
            https://docs.docker.com/go/buildx/

Sending build context to Docker daemon  4.096kB
Step 1/8 : FROM postgres:latest
 ---> eb634efa7ee4
Step 2/8 : WORKDIR /app
 ---> Running in 5b1aa4e3d228
Removing intermediate container 5b1aa4e3d228
 ---> b4ab2235ac19
Step 3/8 : COPY .env ./
 ---> 7ee9fc9b3de0
Step 4/8 : COPY init.sql /docker-entrypoint-initdb.d/
 ---> d7c56832d562
Step 5/8 : ENV DB_NAME=${DB_NAME}
 ---> Running in c92188006b4a
Removing intermediate container c92188006b4a
 ---> 190208a0a4e4
Step 6/8 : ENV DB_USER=${DB_USER}
 ---> Running in 41141aabd468
Removing intermediate container 41141aabd468
 ---> c2af8ad23e40
Step 7/8 : ENV DB_PASSWORD=${DB_PASSWORD}
 ---> Running in 956bcb4cb853
Removing intermediate container 956bcb4cb853
 ---> 8a5a116b901f
Step 8/8 : EXPOSE 5432
 ---> Running in 09662b146d3d
Removing intermediate container 09662b146d3d
 ---> 0c365ed7e4e1
Successfully built 0c365ed7e4e1
Successfully tagged database_image:latest
DEPRECATED: The legacy builder is deprecated and will be removed in a future release.
            Install the buildx component to build images with BuildKit:
            https://docs.docker.com/go/buildx/

Sending build context to Docker daemon  110.4MB
Step 1/13 : FROM node:latest AS builder
 ---> 1b9d5f3b36bf
Step 2/13 : WORKDIR /app
 ---> Using cache
 ---> 4c28f98fafe9
Step 3/13 : COPY package.json yarn.lock ./
 ---> Using cache
 ---> 3c0573105103
Step 4/13 : RUN npm install
 ---> Using cache
 ---> 141e34b8eca5
Step 5/13 : COPY . .
 ---> Using cache
 ---> b985f2e25758
Step 6/13 : RUN npm run build
 ---> Running in 1055fa9cbd78

> nodejs-starter-typescript@1.0.0 build
> tsc

Removing intermediate container 1055fa9cbd78
 ---> a0dea5e480ed
Step 7/13 : FROM node:latest
 ---> 1b9d5f3b36bf
Step 8/13 : WORKDIR /app
 ---> Using cache
 ---> 4c28f98fafe9
Step 9/13 : COPY --from=builder /app .
 ---> 4fc47d74b3f5
Step 10/13 : COPY .env ./
 ---> 56acccaaeda9
Step 11/13 : EXPOSE 3000
 ---> Running in e4fa1f9d0283
Removing intermediate container e4fa1f9d0283
 ---> e3ad2dbfcc12
Step 12/13 : RUN npm install -g knex  # Install Knex globally if not already installed
 ---> Running in f34335968e45

added 22 packages in 8s

4 packages are looking for funding
  run `npm fund` for details
[91mnpm notice 
npm notice[0m[91m New minor version of npm available! 10.2.4 -> 10.4.0
npm notice Changelog: <https://github.com/npm/cli/releases/tag/v10.4.0>
npm notice[0m[91m Run `npm install -g npm@10.4.0` to update!
npm notice[0m[91m 
[0mRemoving intermediate container f34335968e45
 ---> 3ac1098198e9
Step 13/13 : CMD sh -c 'npm run migrate && npm start'
 ---> Running in cd15d9e7c262
Removing intermediate container cd15d9e7c262
 ---> ec3965ab9dae
Successfully built ec3965ab9dae
Successfully tagged backend_imagee:latest
DEPRECATED: The legacy builder is deprecated and will be removed in a future release.
            Install the buildx component to build images with BuildKit:
            https://docs.docker.com/go/buildx/

Sending build context to Docker daemon  98.44MB
Step 1/7 : FROM node:latest
 ---> 1b9d5f3b36bf
Step 2/7 : WORKDIR /app
 ---> Using cache
 ---> 4c28f98fafe9
Step 3/7 : COPY package*.json yarn.lock ./
 ---> 06a1ded4837f
Step 4/7 : RUN yarn
 ---> Running in 7f680682301b
yarn install v1.22.19
[91mwarning package-lock.json found. Your project contains lock files generated by tools other than Yarn. It is advised not to mix package managers in order to avoid resolution inconsistencies caused by unsynchronized lock files. To clear this warning, remove package-lock.json.
[0m[1/4] Resolving packages...
[91m(node:7) [DEP0040] DeprecationWarning: The `punycode` module is deprecated. Please use a userland alternative instead.
(Use `node --trace-deprecation ...` to show where the warning was created)
[0m[2/4] Fetching packages...
[3/4] Linking dependencies...
[4/4] Building fresh packages...
success Saved lockfile.
Done in 20.49s.
Removing intermediate container 7f680682301b
 ---> 0fc024e16896
Step 5/7 : COPY . .
 ---> 36422d7be3fa
Step 6/7 : EXPOSE 5173
 ---> Running in aeba9e84ffea
Removing intermediate container aeba9e84ffea
 ---> a285497464ce
Step 7/7 : CMD ["yarn","dev", "--host", "0.0.0.0"]
 ---> Running in 7de5de4c541a
Removing intermediate container 7de5de4c541a
 ---> 13a00ea6af9e
Successfully built 13a00ea6af9e
Successfully tagged frontend_image:latest
0f60c6ea1e4a370b8447c3b00ed18f206be2da63352dafa062360a4660289aa8
database_volume
backend_volume
frontend_volume
da0eb7350c8d892c59b1e8bbe67f11cace4c526181eafb73cdb699f575420fad
c3ba80ae0d34af6e67123129c6eda889062e845e362184a87f6f43cb23780195
12b6b651c3b1ce1c879d0b9983e38115f68eb503f0dd5f5bde074e2d861c98d6
DEPRECATED: The legacy builder is deprecated and will be removed in a future release.
            Install the buildx component to build images with BuildKit:
            https://docs.docker.com/go/buildx/

Sending build context to Docker daemon  4.096kB
Step 1/8 : FROM postgres:latest
 ---> eb634efa7ee4
Step 2/8 : WORKDIR /app
 ---> Running in 079e13e68963
Removing intermediate container 079e13e68963
 ---> 668e90ee33d1
Step 3/8 : COPY .env ./
 ---> ebafe85db28b
Step 4/8 : COPY init.sql /docker-entrypoint-initdb.d/
 ---> 47f522eff632
Step 5/8 : ENV DB_NAME=${DB_NAME}
 ---> Running in d684f4300284
Removing intermediate container d684f4300284
 ---> 5d024f860520
Step 6/8 : ENV DB_USER=${DB_USER}
 ---> Running in 5cd072364823
Removing intermediate container 5cd072364823
 ---> 1f9c28843071
Step 7/8 : ENV DB_PASSWORD=${DB_PASSWORD}
 ---> Running in 971abb280357
Removing intermediate container 971abb280357
 ---> 6c01e9086206
Step 8/8 : EXPOSE 5432
 ---> Running in c9e88cc94d09
Removing intermediate container c9e88cc94d09
 ---> 34d43daf4d00
Successfully built 34d43daf4d00
Successfully tagged database_image:latest
DEPRECATED: The legacy builder is deprecated and will be removed in a future release.
            Install the buildx component to build images with BuildKit:
            https://docs.docker.com/go/buildx/

Sending build context to Docker daemon  110.4MB
Step 1/13 : FROM node:latest AS builder
 ---> 1b9d5f3b36bf
Step 2/13 : WORKDIR /app
 ---> Using cache
 ---> 4c28f98fafe9
Step 3/13 : COPY package.json yarn.lock ./
 ---> Using cache
 ---> 3c0573105103
Step 4/13 : RUN npm install
 ---> Using cache
 ---> 141e34b8eca5
Step 5/13 : COPY . .
 ---> Using cache
 ---> b985f2e25758
Step 6/13 : RUN npm run build
 ---> Using cache
 ---> a0dea5e480ed
Step 7/13 : FROM node:latest
 ---> 1b9d5f3b36bf
Step 8/13 : WORKDIR /app
 ---> Using cache
 ---> 4c28f98fafe9
Step 9/13 : COPY --from=builder /app .
 ---> 6012e541bd0e
Step 10/13 : COPY .env ./
 ---> cebfdabebbc2
Step 11/13 : EXPOSE 3000
 ---> Running in 5079f5eaac38
Removing intermediate container 5079f5eaac38
 ---> 71be44fea9dc
Step 12/13 : RUN npm install -g knex  # Install Knex globally if not already installed
 ---> Running in 994d395f400d

added 22 packages in 8s

4 packages are looking for funding
  run `npm fund` for details
[91mnpm notice 
npm [0m[91mnotice[0m[91m New minor version of npm available! 10.2.4 -> 10.4.0
npm notice Changelog: <https://github.com/npm/cli/releases/tag/v10.4.0>
npm notice Run `npm install -g npm@10.4.0` to update!
npm[0m[91m notice[0m[91m 
[0mRemoving intermediate container 994d395f400d
 ---> fe1857ab13cd
Step 13/13 : CMD sh -c 'npm run migrate && npm start'
 ---> Running in 634135276a9a
Removing intermediate container 634135276a9a
 ---> 931fde461a1f
Successfully built 931fde461a1f
Successfully tagged backend_imagee:latest
DEPRECATED: The legacy builder is deprecated and will be removed in a future release.
            Install the buildx component to build images with BuildKit:
            https://docs.docker.com/go/buildx/

Sending build context to Docker daemon  98.44MB
Step 1/7 : FROM node:latest
 ---> 1b9d5f3b36bf
Step 2/7 : WORKDIR /app
 ---> Using cache
 ---> 4c28f98fafe9
Step 3/7 : COPY package*.json yarn.lock ./
 ---> 4f6edea7ba61
Step 4/7 : RUN yarn
 ---> Running in 411299951e15
yarn install v1.22.19
[91mwarning package-lock.json found. Your project contains lock files generated by tools other than Yarn. It is advised not to mix package managers in order to avoid resolution inconsistencies caused by unsynchronized lock files. To clear this warning, remove package-lock.json.
[0m[1/4] Resolving packages...
[91m(node:7) [DEP0040] DeprecationWarning: The `punycode` module is deprecated. Please use a userland alternative instead.
(Use `node --trace-deprecation ...` to show where the warning was created)
[0m[2/4] Fetching packages...
[3/4] Linking dependencies...
[4/4] Building fresh packages...
success Saved lockfile.
Done in 23.77s.
Removing intermediate container 411299951e15
 ---> a77da0d9a1cd
Step 5/7 : COPY . .
 ---> 5699e5a60ffd
Step 6/7 : EXPOSE 5173
 ---> Running in 2524dacf64d2
Removing intermediate container 2524dacf64d2
 ---> 06b81819b6a5
Step 7/7 : CMD ["yarn","dev", "--host", "0.0.0.0"]
 ---> Running in 307821d06219
Removing intermediate container 307821d06219
 ---> f53b5e08e09a
Successfully built f53b5e08e09a
Successfully tagged frontend_image:latest
c15adb5a3eaa37c1a45a302ab85680f069b00f97feef883e52339a3564033703
database_volume
backend_volume
frontend_volume
23be669c84a908c1a804ebaa65b36dcea35794247e0acfec6f4579496db9a8c1
be4f1f1521ac2f23647c5c3ad77158ab3efd24fa3238a46d2f22f61fcd222d9e
918b66daa5e7c74e254fd4102bfd3af5ef0c8814b67a7c0b04094cb3c910b8d2
